<?xml version="1.0" encoding="UTF-8"?>
<!-- Generated by org.testng.reporters.JUnitXMLReporter -->
<testsuite ignored="0" hostname="IBM-PF5EC87N" failures="1" tests="2" name="Cucumber tests" time="7.563" errors="0" timestamp="2025-06-01T00:37:18 WIB">
  <testcase classname="io.cucumber.testng.AbstractTestNGCucumberTests" name="runScenario" time="4.659">
    <failure type="java.lang.AssertionError" message="expected [201] but found [200]">
      <![CDATA[java.lang.AssertionError: expected [201] but found [200]
at cucumber.definitions.ObjectDefinitions.the_response_status_code_should_be(ObjectDefinitions.java:82)
at âœ½.the response status code should be 201(file:///D:/Bootcamp%20Intensive%20Selenium/Projects/Tugas/apiautomation/src/test/resources/objects.feature:17)
... Removed 7 stack frames]]>
    </failure>
  </testcase> <!-- runScenario -->
  <testcase classname="io.cucumber.testng.AbstractTestNGCucumberTests" name="runScenario" time="2.371"/>
</testsuite> <!-- Cucumber tests -->
