<?xml version="1.0" encoding="UTF-8"?>
<testng-results ignored="0" total="2" passed="1" failed="1" skipped="0">
  <reporter-output>
  </reporter-output>
  <suite started-at="2025-06-01T00:37:10 WIB" name="CucumberSuite" finished-at="2025-06-01T00:37:18 WIB" duration-ms="7563">
    <groups>
      <group name="cucumber">
        <method signature="AbstractTestNGCucumberTests.runScenario(io.cucumber.testng.PickleWrapper,io.cucumber.testng.FeatureWrapper)[pri:0, instance:cucumber.runners.CucumberRunner@1700915]" name="runScenario" class="io.cucumber.testng.AbstractTestNGCucumberTests"/>
      </group> <!-- cucumber -->
    </groups>
    <test started-at="2025-06-01T00:37:10 WIB" name="Cucumber tests" finished-at="2025-06-01T00:37:18 WIB" duration-ms="7563">
      <class name="cucumber.runners.CucumberRunner">
        <test-method is-config="true" signature="setUpClass(org.testng.ITestContext)[pri:0, instance:cucumber.runners.CucumberRunner@1700915]" started-at="2025-06-01T00:37:10 WIB" name="setUpClass" finished-at="2025-06-01T00:37:11 WIB" duration-ms="460" status="PASS">
          <params>
            <param index="0">
              <value>
                <![CDATA[org.testng.TestRunner@34e9fd99]]>
              </value>
            </param>
          </params>
          <reporter-output>
          </reporter-output>
        </test-method> <!-- setUpClass -->
        <test-method signature="runScenario(io.cucumber.testng.PickleWrapper,io.cucumber.testng.FeatureWrapper)[pri:0, instance:cucumber.runners.CucumberRunner@1700915]" started-at="2025-06-01T00:37:11 WIB" name="runScenario" description="Runs Cucumber Scenarios" data-provider="scenarios" finished-at="2025-06-01T00:37:16 WIB" duration-ms="4659" status="FAIL">
          <params>
            <param index="0">
              <value>
                <![CDATA["Add a new object and verify its details"]]>
              </value>
            </param>
            <param index="1">
              <value>
                <![CDATA["End-to-End API Testing for Object Management"]]>
              </value>
            </param>
          </params>
          <exception class="java.lang.AssertionError">
            <message>
              <![CDATA[expected [201] but found [200]]]>
            </message>
            <full-stacktrace>
              <![CDATA[java.lang.AssertionError: expected [201] but found [200]
at org.testng.Assert.fail(Assert.java:111)
at org.testng.Assert.failNotEquals(Assert.java:1578)
at org.testng.Assert.assertEqualsImpl(Assert.java:150)
at org.testng.Assert.assertEquals(Assert.java:132)
at org.testng.Assert.assertEquals(Assert.java:1419)
at org.testng.Assert.assertEquals(Assert.java:1383)
at org.testng.Assert.assertEquals(Assert.java:1429)
at cucumber.definitions.ObjectDefinitions.the_response_status_code_should_be(ObjectDefinitions.java:82)
at âœ½.the response status code should be 201(file:///D:/Bootcamp%20Intensive%20Selenium/Projects/Tugas/apiautomation/src/test/resources/objects.feature:17)
]]>
            </full-stacktrace>
          </exception> <!-- java.lang.AssertionError -->
          <reporter-output>
          </reporter-output>
        </test-method> <!-- runScenario -->
        <test-method signature="runScenario(io.cucumber.testng.PickleWrapper,io.cucumber.testng.FeatureWrapper)[pri:0, instance:cucumber.runners.CucumberRunner@1700915]" started-at="2025-06-01T00:37:16 WIB" name="runScenario" description="Runs Cucumber Scenarios" data-provider="scenarios" finished-at="2025-06-01T00:37:18 WIB" duration-ms="2371" status="PASS">
          <params>
            <param index="0">
              <value>
                <![CDATA["Delete the object and verify it is removed"]]>
              </value>
            </param>
            <param index="1">
              <value>
                <![CDATA["End-to-End API Testing for Object Management"]]>
              </value>
            </param>
          </params>
          <reporter-output>
          </reporter-output>
        </test-method> <!-- runScenario -->
        <test-method is-config="true" signature="tearDownClass()[pri:0, instance:cucumber.runners.CucumberRunner@1700915]" started-at="2025-06-01T00:37:18 WIB" name="tearDownClass" finished-at="2025-06-01T00:37:18 WIB" duration-ms="33" status="PASS">
          <reporter-output>
          </reporter-output>
        </test-method> <!-- tearDownClass -->
      </class> <!-- cucumber.runners.CucumberRunner -->
    </test> <!-- Cucumber tests -->
  </suite> <!-- CucumberSuite -->
</testng-results>
