<?xml version="1.0" encoding="UTF-8"?>
<!-- Generated by org.testng.reporters.JUnitReportReporter -->
<testsuite hostname="IBM-PF5EC87N" failures="1" tests="2" name="cucumber.runners.CucumberRunner" time="7.030" errors="0" timestamp="2025-06-01T00:37:18 WIB" skipped="0">
  <testcase classname="cucumber.runners.CucumberRunner" name="runScenario" time="4.659">
    <failure message="expected [201] but found [200]" type="java.lang.AssertionError">
      <![CDATA[java.lang.AssertionError: expected [201] but found [200]
at org.testng.Assert.fail(Assert.java:111)
at org.testng.Assert.failNotEquals(Assert.java:1578)
at org.testng.Assert.assertEqualsImpl(Assert.java:150)
at org.testng.Assert.assertEquals(Assert.java:132)
at org.testng.Assert.assertEquals(Assert.java:1419)
at org.testng.Assert.assertEquals(Assert.java:1383)
at org.testng.Assert.assertEquals(Assert.java:1429)
at cucumber.definitions.ObjectDefinitions.the_response_status_code_should_be(ObjectDefinitions.java:82)
at âœ½.the response status code should be 201(file:///D:/Bootcamp%20Intensive%20Selenium/Projects/Tugas/apiautomation/src/test/resources/objects.feature:17)
]]>
    </failure>
  </testcase> <!-- runScenario -->
  <testcase classname="cucumber.runners.CucumberRunner" name="runScenario" time="2.371"/>
</testsuite> <!-- cucumber.runners.CucumberRunner -->
